<?xml version="1.0" encoding="UTF-8"?>
<!-- Generated by org.testng.reporters.JUnitReportReporter -->
<testsuite hostname="DESKTOP-0L8RN05" failures="0" tests="2" name="testClass.TestNGCheck" time="0.014" errors="0" timestamp="2022-02-11T17:02:28 IST" skipped="0">
  <testcase classname="testClass.TestNGCheck" name="AddToCart" time="0.009"/>
  <system-out/>
  <testcase classname="testClass.TestNGCheck" name="loginmethod" time="0.005"/>
  <system-out/>
</testsuite> <!-- testClass.TestNGCheck -->
